<?xml version="1.0" encoding="UTF-8"?>
<testsuites>
  <testsuite name="fastlane.lanes">
    
    
    
      
      <testcase classname="fastlane.lanes" name="0: bundleStagingRelease" time="2.801005">
        
          <failure message="/usr/local/Cellar/fastlane/2.183.2/libexec/gems/fastlane-2.184.0/fastlane/lib/fastlane/actions/actions_helper.rb:67:in `execute_action'&#10;/usr/local/Cellar/fastlane/2.183.2/libexec/gems/fastlane-2.184.0/fastlane/lib/fastlane/runner.rb:255:in `block in execute_action'&#10;/usr/local/Cellar/fastlane/2.183.2/libexec/gems/fastlane-2.184.0/fastlane/lib/fastlane/runner.rb:229:in `chdir'&#10;/usr/local/Cellar/fastlane/2.183.2/libexec/gems/fastlane-2.184.0/fastlane/lib/fastlane/runner.rb:229:in `execute_action'&#10;/usr/local/Cellar/fastlane/2.183.2/libexec/gems/fastlane-2.184.0/fastlane/lib/fastlane/runner.rb:157:in `trigger_action_by_name'&#10;/usr/local/Cellar/fastlane/2.183.2/libexec/gems/fastlane-2.184.0/fastlane/lib/fastlane/fast_file.rb:159:in `method_missing'&#10;Fastfile:43:in `block (2 levels) in parsing_binding'&#10;/usr/local/Cellar/fastlane/2.183.2/libexec/gems/fastlane-2.184.0/fastlane/lib/fastlane/lane.rb:33:in `call'&#10;/usr/local/Cellar/fastlane/2.183.2/libexec/gems/fastlane-2.184.0/fastlane/lib/fastlane/runner.rb:49:in `block in execute'&#10;/usr/local/Cellar/fastlane/2.183.2/libexec/gems/fastlane-2.184.0/fastlane/lib/fastlane/runner.rb:45:in `chdir'&#10;/usr/local/Cellar/fastlane/2.183.2/libexec/gems/fastlane-2.184.0/fastlane/lib/fastlane/runner.rb:45:in `execute'&#10;/usr/local/Cellar/fastlane/2.183.2/libexec/gems/fastlane-2.184.0/fastlane/lib/fastlane/lane_manager.rb:47:in `cruise_lane'&#10;/usr/local/Cellar/fastlane/2.183.2/libexec/gems/fastlane-2.184.0/fastlane/lib/fastlane/command_line_handler.rb:36:in `handle'&#10;/usr/local/Cellar/fastlane/2.183.2/libexec/gems/fastlane-2.184.0/fastlane/lib/fastlane/commands_generator.rb:109:in `block (2 levels) in run'&#10;/usr/local/Cellar/fastlane/2.183.2/libexec/gems/commander-4.6.0/lib/commander/command.rb:187:in `call'&#10;/usr/local/Cellar/fastlane/2.183.2/libexec/gems/commander-4.6.0/lib/commander/command.rb:157:in `run'&#10;/usr/local/Cellar/fastlane/2.183.2/libexec/gems/commander-4.6.0/lib/commander/runner.rb:444:in `run_active_command'&#10;/usr/local/Cellar/fastlane/2.183.2/libexec/gems/fastlane-2.184.0/fastlane_core/lib/fastlane_core/ui/fastlane_runner.rb:76:in `run!'&#10;/usr/local/Cellar/fastlane/2.183.2/libexec/gems/commander-4.6.0/lib/commander/delegates.rb:18:in `run!'&#10;/usr/local/Cellar/fastlane/2.183.2/libexec/gems/fastlane-2.184.0/fastlane/lib/fastlane/commands_generator.rb:353:in `run'&#10;/usr/local/Cellar/fastlane/2.183.2/libexec/gems/fastlane-2.184.0/fastlane/lib/fastlane/commands_generator.rb:42:in `start'&#10;/usr/local/Cellar/fastlane/2.183.2/libexec/gems/fastlane-2.184.0/fastlane/lib/fastlane/cli_tools_distributor.rb:122:in `take_off'&#10;/usr/local/Cellar/fastlane/2.183.2/libexec/gems/fastlane-2.184.0/bin/fastlane:23:in `&lt;top (required)&gt;'&#10;/usr/local/Cellar/fastlane/2.183.2/libexec/bin/fastlane:23:in `load'&#10;/usr/local/Cellar/fastlane/2.183.2/libexec/bin/fastlane:23:in `&lt;main&gt;'&#10;&#10;Exit status of command '/Users/markg/Documents/Nimble/flutter-survey/android/gradlew bundleStagingRelease -p android' was 1 instead of 0.&#10;&gt; Task :app:cleanMergeStagingReleaseAssets UP-TO-DATE&#10;&gt; Task :app:preBuild UP-TO-DATE&#10;&gt; Task :app:extractProguardFiles UP-TO-DATE&#10;&gt; Task :app:preStagingReleaseBuild UP-TO-DATE&#10;&gt; Task :app:mergeStagingReleaseShaders UP-TO-DATE&#10;&gt; Task :app:compileStagingReleaseShaders NO-SOURCE&#10;&gt; Task :app:generateStagingReleaseAssets UP-TO-DATE&#10;&#10;&gt; Task :app:compileFlutterBuildStagingRelease FAILED&#10;Error: Error when reading 'lib/main.dart': No such file or directory&#10;package:survey/main.dart: Error: No 'main' method found.&#10;Try adding a method named 'main' to your program.&#10;&#10;&#10;FAILURE: Build failed with an exception.&#10;&#10;* Where:&#10;Script '/Users/markg/flutter/packages/flutter_tools/gradle/flutter.gradle' line: 1035&#10;&#10;* What went wrong:&#10;Execution failed for task ':app:compileFlutterBuildStagingRelease'.&#10;&gt; Process 'command '/Users/markg/flutter/bin/flutter'' finished with non-zero exit value 1&#10;&#10;* Try:&#10;Run with --stacktrace option to get the stack trace. Run with --info or --debug option to get more log output. Run with --scan to get full insights.&#10;&#10;* Get more help at https://help.gradle.org&#10;&#10;Deprecated Gradle features were used in this build, making it incompatible with Gradle 7.0.&#10;Use '--warning-mode all' to show the individual deprecation warnings.&#10;See https://docs.gradle.org/6.7/userguide/command_line_interface.html#sec:command_line_warnings&#10;&#10;BUILD FAILED in 2s&#10;4 actionable tasks: 1 executed, 3 up-to-date&#10;" />
        
      </testcase>
    
  </testsuite>
</testsuites>
