SF:lib/modules/home/home_view.dart
DA:52,35
DA:54,1
DA:55,1
DA:72,1
DA:74,1
DA:75,3
DA:77,1
DA:78,2
DA:81,1
DA:88,1
DA:90,2
DA:93,1
DA:95,2
DA:98,1
DA:100,2
DA:103,1
DA:105,2
DA:108,1
DA:110,2
DA:113,1
DA:115,3
DA:118,1
DA:120,2
DA:123,1
DA:125,3
DA:127,1
DA:128,2
DA:132,2
DA:133,1
DA:134,1
DA:135,3
DA:137,1
DA:138,3
LF:33
LH:33
end_of_record
SF:lib/modules/home/components/top_bar.dart
DA:4,34
DA:6,1
DA:8,1
DA:10,1
DA:11,1
DA:13,1
DA:15,1
DA:16,1
DA:19,1
DA:20,1
DA:23,1
DA:24,1
DA:25,1
DA:26,2
DA:27,1
DA:28,1
DA:29,1
DA:39,1
DA:42,1
DA:43,1
DA:44,2
DA:53,1
DA:55,1
DA:56,3
DA:57,1
DA:58,1
DA:59,1
DA:64,1
DA:67,1
DA:68,1
DA:69,1
DA:70,1
DA:71,1
DA:72,2
DA:74,2
LF:35
LH:35
end_of_record
SF:lib/modules/home/home_presenter.dart
DA:8,1
DA:9,5
DA:10,5
DA:11,5
DA:12,1
DA:13,2
DA:14,2
DA:15,5
DA:16,5
DA:18,5
DA:19,5
DA:20,5
DA:21,5
DA:57,1
DA:58,2
DA:59,2
DA:60,3
DA:63,1
DA:64,4
DA:67,1
DA:68,2
DA:69,2
DA:70,2
DA:73,1
DA:74,2
DA:75,2
DA:76,2
DA:79,1
DA:80,2
DA:82,2
DA:86,1
DA:87,2
DA:90,1
DA:91,2
DA:92,2
DA:95,1
DA:96,2
DA:99,1
DA:100,2
DA:103,1
DA:104,2
LF:41
LH:41
end_of_record
SF:lib/modules/home/components/slide_item.dart
DA:7,1
DA:11,1
DA:13,1
DA:18,1
DA:20,1
DA:23,1
DA:24,1
DA:25,1
DA:26,1
DA:27,1
DA:34,1
DA:36,1
DA:37,1
DA:39,1
DA:40,1
DA:41,1
DA:43,1
DA:45,3
DA:49,1
DA:51,1
DA:52,1
DA:54,1
DA:56,1
DA:57,1
DA:58,1
DA:59,1
DA:62,1
DA:63,1
DA:66,1
DA:68,1
DA:69,2
DA:80,1
DA:83,1
DA:85,1
DA:86,2
DA:88,1
DA:89,1
DA:97,1
DA:99,1
DA:101,1
DA:102,2
DA:103,2
DA:105,1
DA:108,1
DA:109,1
DA:110,1
DA:111,1
DA:116,1
DA:117,1
LF:49
LH:49
end_of_record
SF:lib/modules/home/home_module.dart
DA:44,1
LF:1
LH:1
end_of_record
SF:lib/modules/home/home_router.dart
DA:9,1
DA:12,2
DA:14,1
LF:3
LH:3
end_of_record
SF:lib/modules/home/components/page_control.dart
DA:4,34
DA:6,1
DA:8,1
DA:9,1
DA:12,1
DA:13,1
DA:14,1
DA:15,2
DA:17,4
DA:18,1
DA:19,1
DA:20,2
DA:24,3
DA:25,1
DA:27,2
DA:33,1
LF:16
LH:16
end_of_record
SF:lib/modules/home/components/body.dart
DA:4,34
DA:6,1
DA:8,1
DA:10,1
DA:11,1
DA:12,2
DA:16,1
DA:17,1
DA:21,2
DA:22,1
DA:23,1
DA:24,2
DA:29,1
DA:30,1
DA:31,1
DA:32,1
DA:33,3
DA:35,1
DA:37,1
DA:38,1
DA:39,2
DA:42,1
DA:43,1
DA:44,1
DA:47,1
DA:49,1
DA:50,1
DA:51,1
DA:52,1
DA:53,1
DA:54,1
DA:55,1
DA:56,1
DA:57,2
DA:58,1
DA:60,1
DA:62,2
DA:64,1
DA:65,2
DA:68,1
LF:40
LH:40
end_of_record
SF:lib/modules/home/home_interactor.dart
DA:25,1
DA:27,2
DA:28,5
DA:31,1
DA:33,1
DA:34,1
DA:35,5
DA:36,1
DA:37,4
DA:40,1
DA:42,5
LF:11
LH:11
end_of_record
SF:lib/components/alert/alert.dart
DA:9,1
DA:15,1
DA:23,1
DA:28,2
DA:29,1
DA:33,1
DA:34,0
DA:37,1
DA:39,2
DA:41,2
DA:50,1
DA:51,1
DA:52,1
DA:54,5
LF:14
LH:13
end_of_record
SF:lib/components/common/progress_hud.dart
DA:11,3
DA:15,3
DA:17,3
DA:21,3
DA:22,3
DA:23,3
DA:26,0
DA:33,0
DA:34,0
DA:39,3
DA:40,3
DA:41,3
DA:42,3
DA:43,0
DA:47,3
DA:55,0
DA:56,0
DA:59,0
DA:60,0
LF:19
LH:11
end_of_record
SF:lib/app.dart
DA:9,10
DA:11,10
DA:13,10
DA:14,10
DA:15,30
DA:18,20
DA:19,9
DA:26,1
LF:8
LH:8
end_of_record
SF:lib/gen/configs.gen.dart
DA:25,0
DA:26,33
DA:28,0
LF:3
LH:1
end_of_record
SF:lib/configs/app.dart
DA:4,34
DA:6,0
DA:10,34
DA:12,0
DA:14,0
DA:22,0
DA:24,0
DA:32,0
DA:34,0
LF:9
LH:2
end_of_record
SF:lib/configs/factories.dart
DA:3,0
LF:1
LH:0
end_of_record
SF:lib/configs/routes.dart
DA:3,33
DA:4,0
DA:5,2
DA:6,2
DA:7,0
DA:8,0
DA:9,0
DA:10,0
DA:11,0
LF:9
LH:3
end_of_record
SF:lib/core/classes/localized_exception.dart
DA:4,0
LF:1
LH:0
end_of_record
SF:lib/core/viper/module.dart
DA:25,0
DA:26,0
DA:28,0
DA:29,0
DA:30,0
DA:32,0
DA:33,0
DA:37,0
DA:38,0
DA:50,0
DA:52,0
DA:54,0
LF:12
LH:0
end_of_record
SF:lib/core/viper/view.dart
DA:17,6
DA:19,6
DA:21,6
DA:22,6
DA:25,6
DA:27,6
DA:29,6
DA:30,0
DA:33,6
DA:34,6
DA:37,6
DA:39,12
DA:40,6
DA:43,6
DA:44,12
LF:15
LH:14
end_of_record
SF:lib/core/viper/presenter.dart
DA:11,6
DA:16,6
DA:17,6
DA:18,6
DA:21,0
DA:22,0
LF:6
LH:4
end_of_record
SF:lib/components/button/button.dart
DA:14,2
DA:23,2
DA:25,2
DA:27,2
DA:28,2
DA:29,2
DA:30,4
DA:32,2
DA:33,2
DA:34,2
DA:35,4
DA:36,4
DA:37,2
DA:39,2
DA:40,2
DA:41,2
DA:42,2
DA:49,4
LF:18
LH:18
end_of_record
SF:lib/components/confirm/confirm.dart
DA:7,0
DA:14,0
DA:28,0
DA:34,0
DA:35,0
DA:40,0
LF:6
LH:0
end_of_record
SF:lib/components/navigation_bar/navigation_bar.dart
DA:8,2
DA:12,2
DA:17,2
DA:19,2
DA:21,2
DA:22,2
DA:23,1
DA:24,0
DA:26,3
DA:29,1
DA:30,2
DA:31,2
LF:12
LH:11
end_of_record
SF:lib/gen/assets.gen.dart
DA:11,34
DA:13,1
DA:17,34
DA:19,0
DA:21,2
DA:23,1
DA:25,1
DA:27,1
DA:29,1
DA:31,2
DA:33,1
DA:38,0
DA:45,34
DA:47,1
DA:67,1
DA:90,0
DA:94,34
DA:98,5
DA:115,5
DA:116,5
DA:135,0
LF:21
LH:17
end_of_record
SF:lib/components/translucent_text_field/translucent_text_field.dart
DA:7,0
DA:14,0
DA:22,0
DA:24,0
DA:26,0
DA:29,0
DA:31,0
DA:32,0
DA:33,0
DA:35,0
DA:36,0
DA:37,0
DA:38,0
DA:39,0
DA:40,0
DA:42,0
DA:43,0
DA:44,0
DA:45,0
DA:49,0
DA:51,0
DA:52,0
DA:53,0
DA:56,0
DA:59,0
LF:25
LH:0
end_of_record
SF:lib/core/extensions/build_context.dart
DA:5,10
LF:1
LH:1
end_of_record
SF:lib/core/extensions/navigator_state.dart
DA:5,1
DA:7,2
DA:8,4
LF:3
LH:3
end_of_record
SF:lib/core/extensions/stream.dart
DA:4,0
DA:5,0
DA:6,0
DA:7,0
DA:8,0
DA:9,0
DA:10,0
DA:17,0
DA:22,6
DA:23,12
DA:24,6
LF:11
LH:3
end_of_record
SF:lib/services/locator/locator_service_register.dart
DA:4,0
DA:6,0
DA:9,0
DA:10,0
DA:11,0
DA:12,0
DA:13,0
DA:14,0
DA:15,0
DA:18,0
DA:19,0
DA:22,0
DA:23,0
DA:24,0
DA:27,0
DA:28,0
DA:29,0
DA:32,0
DA:33,0
DA:34,0
DA:37,0
DA:38,0
DA:39,0
DA:40,0
DA:43,0
DA:44,0
DA:45,0
DA:46,0
DA:47,0
DA:50,0
DA:51,0
DA:52,0
DA:53,0
DA:54,0
DA:55,0
DA:58,0
DA:59,0
DA:60,0
DA:61,0
DA:62,0
DA:63,0
LF:41
LH:0
end_of_record
SF:lib/services/locator/locator_service.dart
DA:21,24
LF:1
LH:1
end_of_record
SF:lib/gen/flavors.gen.dart
DA:1,34
LF:1
LH:1
end_of_record
SF:lib/models/auth_token_info.dart
DA:9,0
DA:11,0
DA:12,0
DA:13,0
DA:14,0
DA:15,0
DA:16,0
DA:17,0
DA:18,0
LF:9
LH:0
end_of_record
SF:lib/models/detailed_survey_info.dart
DA:7,3
DA:8,5
LF:2
LH:2
end_of_record
SF:lib/models/survey_question_answer_info.dart
DA:9,0
DA:11,0
DA:13,0
DA:14,0
DA:16,0
DA:18,0
DA:19,0
DA:21,0
DA:23,0
DA:24,0
DA:28,1
DA:29,2
LF:12
LH:2
end_of_record
SF:lib/models/survey_info.dart
DA:9,0
DA:11,0
DA:12,0
DA:13,0
DA:14,0
DA:15,0
DA:16,0
LF:7
LH:0
end_of_record
SF:lib/models/survey_question_info.dart
DA:14,3
DA:15,5
DA:17,0
DA:19,0
DA:21,0
DA:22,0
DA:24,0
DA:26,0
DA:27,0
DA:29,0
DA:31,0
DA:32,0
DA:34,0
DA:36,0
DA:37,0
DA:40,0
DA:42,0
DA:43,0
DA:46,0
DA:48,0
DA:49,0
DA:51,0
DA:53,0
DA:54,0
DA:56,0
DA:58,0
DA:59,0
DA:66,0
DA:67,0
DA:69,34
DA:84,0
DA:98,0
DA:99,0
DA:101,34
DA:110,0
LF:35
LH:4
end_of_record
SF:lib/models/user_info.dart
DA:7,0
DA:9,0
DA:10,0
LF:3
LH:0
end_of_record
SF:lib/modules/forgot_password/forgot_password_module.dart
DA:8,0
LF:1
LH:0
end_of_record
SF:lib/modules/landing/landing_router.dart
DA:10,1
DA:12,1
DA:13,1
DA:16,1
DA:18,1
DA:19,1
LF:6
LH:6
end_of_record
SF:lib/modules/landing/landing_presenter.dart
DA:8,1
DA:9,5
DA:10,5
DA:11,1
DA:12,2
DA:13,2
DA:15,1
DA:16,3
DA:17,2
DA:18,2
DA:36,1
DA:37,2
DA:38,2
DA:41,1
DA:42,2
DA:45,1
DA:46,2
DA:49,1
DA:51,1
DA:52,4
DA:54,1
DA:55,4
LF:22
LH:22
end_of_record
SF:lib/modules/landing/landing_interactor.dart
DA:16,1
DA:18,4
DA:19,5
DA:20,2
DA:21,3
LF:5
LH:5
end_of_record
SF:lib/modules/landing/landing_view.dart
DA:20,35
DA:22,1
DA:23,1
DA:30,2
DA:35,2
DA:36,1
DA:40,1
DA:42,1
DA:43,3
DA:44,3
DA:45,1
DA:46,3
DA:50,1
DA:52,1
DA:53,1
DA:55,1
DA:56,1
DA:59,2
DA:63,1
DA:64,1
DA:66,1
DA:67,2
DA:75,1
DA:77,2
DA:80,1
DA:82,2
DA:83,1
LF:27
LH:27
end_of_record
SF:lib/modules/landing/landing_module.dart
DA:26,1
LF:1
LH:1
end_of_record
SF:lib/modules/login/login_view.dart
DA:34,0
DA:35,0
DA:56,0
DA:58,0
DA:59,0
DA:60,0
DA:63,0
DA:64,0
DA:66,0
DA:69,0
DA:71,0
DA:72,0
DA:73,0
DA:74,0
DA:80,0
DA:81,0
DA:83,0
DA:84,0
DA:85,0
DA:86,0
DA:87,0
DA:88,0
DA:89,0
DA:92,0
DA:96,0
DA:98,0
DA:100,0
DA:102,0
DA:103,0
DA:104,0
DA:105,0
DA:106,0
DA:108,0
DA:109,0
DA:115,0
DA:116,0
DA:117,0
DA:121,0
DA:122,0
DA:134,0
DA:136,0
DA:137,0
DA:140,0
DA:142,0
DA:145,0
DA:147,0
LF:46
LH:0
end_of_record
SF:lib/modules/login/components/form.dart
DA:4,0
DA:5,0
DA:9,0
DA:11,0
DA:13,0
DA:16,0
DA:18,0
DA:20,0
DA:22,0
DA:23,0
DA:27,0
DA:31,0
DA:32,0
DA:33,0
DA:34,0
DA:36,0
DA:38,0
DA:39,0
DA:40,0
DA:50,0
DA:51,0
DA:53,0
DA:55,0
DA:56,0
DA:58,0
DA:63,0
DA:64,0
DA:66,0
DA:68,0
DA:69,0
DA:71,0
DA:72,0
DA:74,0
DA:75,0
DA:78,0
DA:79,0
DA:80,0
DA:81,0
LF:38
LH:0
end_of_record
SF:lib/modules/login/login_module.dart
DA:30,0
DA:32,0
LF:2
LH:0
end_of_record
SF:lib/modules/side_menu/side_menu_view.dart
DA:15,35
DA:17,1
DA:18,1
DA:26,1
DA:28,1
DA:30,1
DA:31,1
DA:32,1
DA:34,1
DA:37,1
DA:42,1
DA:44,2
LF:12
LH:12
end_of_record
SF:lib/modules/side_menu/side_menu_interactor.dart
DA:15,1
DA:17,1
DA:18,1
DA:19,5
DA:20,1
DA:21,4
LF:6
LH:6
end_of_record
SF:lib/modules/side_menu/side_menu_presenter.dart
DA:8,1
DA:9,3
DA:10,3
DA:19,1
DA:20,2
DA:23,1
DA:24,4
LF:7
LH:7
end_of_record
SF:lib/modules/side_menu/side_menu_router.dart
DA:8,1
DA:10,2
LF:2
LH:2
end_of_record
SF:lib/modules/side_menu/components/user.dart
DA:4,34
DA:6,1
DA:8,1
DA:10,1
DA:11,1
DA:12,1
DA:13,1
DA:15,1
DA:16,1
DA:17,1
DA:18,1
DA:27,1
DA:30,1
DA:31,1
DA:32,1
DA:37,1
DA:38,1
DA:39,1
DA:41,2
LF:19
LH:19
end_of_record
SF:lib/modules/side_menu/side_menu_module.dart
DA:30,1
LF:1
LH:1
end_of_record
SF:lib/modules/side_menu/components/actions.dart
DA:4,34
DA:6,1
DA:8,1
DA:10,1
DA:12,4
DA:13,2
DA:16,1
DA:17,2
DA:18,1
DA:20,1
LF:10
LH:10
end_of_record
SF:lib/modules/side_menu/components/content.dart
DA:4,34
DA:6,1
DA:8,1
DA:9,1
DA:10,1
DA:12,1
DA:13,1
DA:15,1
DA:23,1
DA:24,1
LF:10
LH:10
end_of_record
SF:lib/modules/survey_completed/survey_completed_interactor.dart
DA:11,1
DA:12,2
LF:2
LH:2
end_of_record
SF:lib/modules/survey_completed/survey_completed_presenter.dart
DA:10,1
DA:11,5
DA:12,5
DA:14,3
DA:15,1
DA:16,2
DA:17,2
DA:29,1
DA:30,4
DA:33,1
DA:34,2
DA:37,1
DA:38,2
DA:39,4
LF:14
LH:14
end_of_record
SF:lib/modules/survey_completed/survey_completed_module.dart
DA:28,1
DA:35,2
LF:2
LH:2
end_of_record
SF:lib/modules/survey_completed/survey_completed_view.dart
DA:20,35
DA:22,1
DA:24,1
DA:31,2
DA:34,1
DA:36,1
DA:37,3
DA:38,3
DA:39,3
DA:42,3
DA:45,1
DA:50,1
DA:52,2
DA:55,1
DA:57,2
LF:15
LH:15
end_of_record
SF:lib/modules/survey_completed/survey_completed_router.dart
DA:8,1
DA:10,2
LF:2
LH:2
end_of_record
SF:lib/modules/survey_completed/components/content.dart
DA:4,34
DA:6,1
DA:9,1
DA:11,1
DA:12,1
DA:14,1
DA:15,1
DA:17,1
DA:18,1
DA:19,1
DA:22,1
DA:23,1
DA:24,3
DA:25,3
DA:28,1
DA:29,1
DA:30,2
DA:31,1
LF:18
LH:18
end_of_record
SF:lib/modules/survey_detail/components/content.dart
DA:4,34
DA:6,1
DA:9,1
DA:11,1
DA:12,1
DA:13,2
DA:17,1
DA:18,1
DA:20,1
DA:21,1
DA:22,1
DA:23,2
DA:25,2
DA:29,1
DA:30,1
DA:31,1
DA:32,1
DA:33,1
DA:34,1
DA:36,1
DA:38,1
DA:39,1
DA:40,1
DA:41,2
DA:42,1
DA:52,1
DA:53,1
DA:54,2
DA:55,1
DA:56,1
DA:57,1
DA:62,2
DA:63,1
DA:65,1
DA:66,1
DA:70,1
DA:72,1
DA:73,2
DA:74,1
DA:75,1
DA:76,1
LF:41
LH:41
end_of_record
SF:lib/modules/survey_detail/survey_detail_view.dart
DA:18,35
DA:20,1
DA:21,1
DA:28,2
DA:30,1
DA:32,1
DA:35,1
DA:37,1
DA:38,3
DA:41,1
DA:46,1
DA:48,2
LF:12
LH:12
end_of_record
SF:lib/modules/survey_detail/survey_detail_module.dart
DA:35,1
DA:42,2
LF:2
LH:2
end_of_record
SF:lib/modules/survey_detail/survey_detail_presenter.dart
DA:8,1
DA:9,5
DA:10,1
DA:11,2
DA:12,2
DA:14,5
DA:15,1
DA:16,2
DA:17,2
DA:35,1
DA:36,4
DA:39,1
DA:40,2
DA:41,2
DA:44,1
DA:45,2
DA:46,4
DA:49,1
DA:50,2
DA:51,2
LF:20
LH:20
end_of_record
SF:lib/modules/survey_detail/survey_detail_router.dart
DA:9,0
DA:12,0
DA:14,0
LF:3
LH:0
end_of_record
SF:lib/modules/survey_detail/survey_detail_interactor.dart
DA:19,1
DA:20,2
DA:22,1
DA:24,1
DA:25,3
DA:26,5
DA:27,2
DA:28,3
LF:8
LH:8
end_of_record
SF:lib/modules/survey_questions/survey_questions_interactor.dart
DA:21,1
DA:22,3
DA:23,2
DA:24,2
DA:25,2
DA:26,1
DA:28,1
DA:29,4
DA:30,3
DA:32,1
DA:34,1
DA:35,4
DA:36,5
DA:37,2
DA:38,3
LF:15
LH:15
end_of_record
SF:lib/modules/survey_questions/survey_questions_presenter.dart
DA:8,1
DA:9,5
DA:10,5
DA:11,5
DA:12,1
DA:13,2
DA:14,2
DA:16,5
DA:17,5
DA:21,5
DA:46,1
DA:47,4
DA:50,1
DA:51,2
DA:54,1
DA:55,2
DA:56,1
DA:57,2
DA:61,6
DA:62,2
DA:63,3
DA:66,2
DA:67,3
DA:70,1
DA:71,1
DA:72,4
DA:75,1
DA:76,2
DA:77,6
DA:80,1
DA:81,2
DA:82,2
LF:32
LH:32
end_of_record
SF:lib/modules/survey_questions/survey_questions_view.dart
DA:27,35
DA:29,1
DA:31,1
DA:42,1
DA:44,1
DA:45,3
DA:48,1
DA:53,1
DA:55,2
DA:58,0
DA:60,0
DA:61,0
DA:62,0
DA:63,0
DA:64,0
DA:65,0
DA:66,0
DA:67,0
DA:68,0
DA:71,0
DA:73,0
LF:21
LH:9
end_of_record
SF:lib/modules/survey_questions/components/answers/textarea_answer.dart
DA:6,2
DA:10,2
DA:15,2
DA:16,2
DA:21,2
DA:23,4
DA:24,5
DA:25,2
DA:26,5
DA:29,2
DA:32,2
DA:34,2
DA:36,2
DA:37,4
DA:38,4
DA:42,2
DA:44,4
DA:45,2
LF:18
LH:18
end_of_record
SF:lib/modules/survey_questions/components/answers/nps_answer.dart
DA:12,2
DA:17,2
DA:23,2
DA:24,2
DA:28,4
DA:29,4
DA:31,2
DA:33,2
DA:36,2
DA:37,2
DA:39,2
DA:40,2
DA:41,2
DA:43,2
DA:45,6
DA:46,2
DA:53,2
DA:55,2
DA:57,2
DA:58,2
DA:59,2
DA:60,4
DA:61,2
DA:62,2
DA:64,2
DA:65,2
DA:73,2
DA:74,2
DA:75,4
DA:76,2
DA:77,2
DA:79,2
DA:80,10
DA:95,2
DA:96,2
DA:98,1
DA:99,2
DA:100,2
DA:102,2
DA:104,2
DA:105,2
DA:106,2
DA:107,1
DA:112,2
DA:113,2
DA:114,2
DA:115,4
DA:116,8
DA:119,2
DA:120,1
LF:50
LH:50
end_of_record
SF:lib/modules/survey_questions/survey_questions_router.dart
DA:11,1
DA:14,2
DA:15,1
DA:16,1
DA:18,1
DA:20,0
DA:21,0
DA:22,0
DA:23,0
DA:31,1
DA:33,2
LF:11
LH:7
end_of_record
SF:lib/modules/survey_questions/components/answers/select_answer.dart
DA:16,2
DA:22,2
DA:29,2
DA:30,2
DA:37,2
DA:39,8
DA:40,10
DA:42,2
DA:45,2
DA:47,2
DA:49,2
DA:50,2
DA:51,2
DA:52,2
DA:57,6
DA:58,2
DA:59,2
DA:60,4
DA:62,2
DA:63,2
DA:65,2
DA:67,2
DA:68,2
DA:72,2
DA:85,2
DA:86,2
DA:89,2
DA:91,2
DA:92,2
DA:93,2
DA:94,2
DA:95,2
DA:96,2
DA:97,8
DA:101,2
DA:103,2
DA:112,4
DA:113,2
DA:115,2
DA:116,2
DA:117,2
DA:118,4
DA:119,1
DA:120,1
DA:121,2
DA:122,2
DA:130,1
DA:131,3
DA:132,2
DA:133,2
DA:136,1
DA:137,2
DA:138,3
DA:141,2
DA:142,4
DA:143,14
DA:146,2
DA:148,4
DA:149,2
LF:59
LH:59
end_of_record
SF:lib/modules/survey_questions/components/slide.dart
DA:4,1
DA:8,1
DA:12,6
DA:13,4
DA:16,1
DA:19,1
DA:20,3
DA:22,1
DA:24,1
DA:25,1
DA:26,2
DA:27,1
DA:28,3
DA:32,1
DA:33,1
DA:34,3
DA:35,1
DA:37,1
DA:38,1
DA:39,5
DA:40,1
DA:41,1
DA:49,1
DA:50,2
DA:56,1
DA:57,1
DA:58,1
DA:61,1
DA:62,3
DA:63,3
DA:64,2
DA:66,1
DA:67,1
DA:69,0
DA:70,0
DA:71,1
DA:72,1
DA:73,1
DA:76,2
DA:77,1
DA:78,1
DA:80,1
DA:82,1
DA:83,1
DA:96,1
DA:97,2
DA:98,1
DA:99,1
DA:100,2
DA:101,3
DA:102,1
DA:104,1
DA:105,1
DA:107,1
DA:109,1
DA:110,1
DA:112,1
DA:114,1
DA:115,1
DA:117,1
DA:119,1
DA:120,1
DA:121,3
DA:122,1
DA:124,1
DA:125,1
DA:127,1
DA:129,1
DA:130,1
DA:131,1
DA:138,1
DA:139,4
DA:142,0
DA:143,0
DA:146,0
DA:147,0
DA:150,1
DA:151,7
LF:78
LH:72
end_of_record
SF:lib/modules/survey_questions/survey_questions_module.dart
DA:54,1
DA:61,1
LF:2
LH:2
end_of_record
SF:lib/modules/survey_questions/components/answers/rating_answer.dart
DA:8,2
DA:13,2
DA:19,2
DA:20,2
DA:24,2
DA:25,6
DA:27,2
DA:29,2
DA:31,2
DA:34,2
DA:40,2
DA:41,2
DA:42,2
DA:43,2
DA:44,2
DA:45,1
DA:51,2
DA:52,1
DA:53,2
DA:55,2
DA:56,4
DA:59,2
DA:60,4
DA:61,2
DA:62,4
LF:25
LH:25
end_of_record
SF:lib/modules/survey_questions/components/content.dart
DA:4,34
DA:6,1
DA:9,1
DA:11,1
DA:12,1
DA:13,2
DA:17,1
DA:18,1
DA:19,1
DA:20,1
DA:21,1
DA:22,2
DA:23,1
DA:24,2
DA:29,1
DA:30,1
DA:38,1
DA:39,1
DA:40,1
DA:42,1
DA:43,1
DA:45,1
DA:46,3
DA:47,2
LF:24
LH:24
end_of_record
SF:lib/services/api/api_raw_response.dart
DA:8,0
DA:10,0
DA:11,0
DA:12,0
DA:13,0
DA:14,0
DA:24,0
DA:26,0
DA:27,0
DA:28,0
DA:29,0
DA:30,0
DA:31,0
LF:13
LH:0
end_of_record
SF:lib/services/api/api_exception.dart
DA:4,34
DA:10,0
DA:11,0
DA:12,0
DA:16,0
DA:17,0
DA:18,0
DA:19,0
DA:21,0
LF:9
LH:1
end_of_record
SF:lib/services/api/api_list_object.dart
DA:4,34
LF:1
LH:1
end_of_record
SF:lib/services/api/api_service_register.dart
DA:5,0
DA:6,0
DA:7,0
LF:3
LH:0
end_of_record
SF:lib/services/api/api_service.dart
DA:50,0
DA:59,0
DA:69,0
DA:73,0
DA:82,0
DA:92,0
DA:99,0
DA:108,0
DA:116,0
DA:126,0
DA:128,0
DA:134,0
DA:137,0
DA:139,0
DA:141,0
DA:146,0
DA:149,0
DA:150,0
DA:154,0
DA:155,0
DA:157,0
DA:158,0
DA:161,0
DA:165,0
DA:169,0
DA:170,0
DA:173,0
DA:177,0
DA:181,0
DA:182,0
DA:183,0
DA:185,0
LF:32
LH:0
end_of_record
SF:lib/models/survey_submit_answer_info.dart
DA:4,1
DA:9,0
DA:11,0
DA:12,0
LF:4
LH:1
end_of_record
SF:lib/models/survey_submit_question_info.dart
DA:5,2
DA:13,0
DA:15,0
DA:16,0
LF:4
LH:1
end_of_record
SF:lib/modules/screen.dart
DA:11,41
DA:16,7
DA:20,7
DA:21,7
DA:22,6
DA:23,6
DA:27,1
DA:28,1
DA:32,7
DA:33,7
LF:10
LH:10
end_of_record
SF:lib/repositories/auth_repository.dart
DA:41,0
DA:42,0
DA:44,0
DA:45,0
DA:47,0
DA:48,0
DA:51,0
DA:55,0
DA:56,0
DA:57,0
DA:59,0
DA:63,0
DA:65,0
DA:66,0
DA:69,0
DA:70,0
DA:71,0
DA:72,0
DA:76,0
DA:77,0
DA:78,0
DA:80,0
DA:81,0
DA:85,0
DA:86,0
DA:90,0
DA:91,0
DA:93,0
DA:94,0
DA:98,0
DA:99,0
DA:100,0
LF:32
LH:0
end_of_record
SF:lib/repositories/survey_repository.dart
DA:29,0
DA:30,0
DA:31,0
DA:36,0
DA:39,0
DA:40,0
DA:47,0
DA:50,0
DA:51,0
DA:55,0
DA:58,0
DA:60,0
DA:61,0
DA:64,0
DA:69,0
DA:70,0
LF:16
LH:0
end_of_record
SF:lib/services/api/auth/auth_api_service.dart
DA:25,0
DA:29,0
DA:36,0
DA:38,0
LF:4
LH:0
end_of_record
SF:lib/services/api/auth/params/auth_login_params.dart
DA:4,0
DA:10,0
DA:13,0
DA:14,0
DA:18,0
DA:31,0
DA:33,0
DA:34,0
DA:35,0
DA:36,0
DA:37,0
DA:38,0
LF:12
LH:0
end_of_record
SF:lib/services/api/user/user_api_service.dart
DA:15,0
DA:17,0
LF:2
LH:0
end_of_record
SF:lib/services/local_storage/local_storage_service.dart
DA:23,0
DA:25,0
DA:26,0
DA:30,0
DA:31,0
DA:32,0
DA:38,0
DA:39,0
DA:43,0
DA:44,0
DA:45,0
DA:50,0
DA:52,0
DA:53,0
DA:57,0
DA:59,0
DA:60,0
DA:61,0
DA:65,0
DA:66,0
DA:67,0
LF:21
LH:0
end_of_record
SF:lib/services/api/survey/params/survey_submit_params.dart
DA:6,0
DA:14,0
DA:16,0
DA:17,0
LF:4
LH:0
end_of_record
SF:lib/services/api/survey/survey_api_service.dart
DA:29,0
DA:30,0
DA:32,0
DA:35,0
DA:36,0
DA:38,0
DA:41,0
DA:42,0
DA:43,0
DA:44,0
DA:45,0
DA:46,0
DA:47,0
DA:51,0
DA:52,0
DA:53,0
DA:55,0
DA:56,0
DA:57,0
DA:58,0
DA:59,0
DA:61,0
DA:62,0
DA:63,0
DA:65,0
DA:70,0
DA:71,0
DA:72,0
DA:74,0
DA:79,0
DA:81,0
DA:88,0
DA:90,0
LF:33
LH:0
end_of_record
SF:lib/services/api/survey/params/survey_list_params.dart
DA:7,0
DA:12,0
DA:14,0
DA:15,0
LF:4
LH:0
end_of_record
SF:lib/services/api/survey/params/survey_info_params.dart
DA:6,0
DA:10,0
DA:12,0
LF:3
LH:0
end_of_record
SF:lib/services/http/http_method.dart
DA:4,0
DA:5,34
DA:13,0
LF:3
LH:1
end_of_record
SF:lib/services/http/http_exception.dart
DA:3,34
DA:25,0
DA:31,0
DA:33,0
DA:34,0
DA:37,0
DA:40,0
DA:43,0
DA:46,0
DA:49,0
DA:55,0
DA:56,0
DA:58,0
DA:61,0
LF:14
LH:1
end_of_record
SF:lib/services/http/http_service.dart
DA:21,0
DA:23,0
DA:31,0
DA:37,0
DA:39,0
DA:40,0
DA:43,0
DA:44,0
DA:45,0
DA:46,0
LF:10
LH:0
end_of_record
SF:lib/services/http/http_response.dart
DA:9,0
DA:16,0
DA:17,0
DA:18,0
DA:19,0
DA:20,0
DA:21,0
LF:7
LH:0
end_of_record
