SF:lib/modules/home/home_module.dart
DA:8,0
LF:1
LH:0
end_of_record
SF:lib/modules/landing/landing_view.dart
DA:20,16
DA:22,1
DA:23,1
DA:30,2
DA:35,2
DA:36,1
DA:40,1
DA:42,1
DA:43,3
DA:44,3
DA:45,1
DA:46,3
DA:50,1
DA:52,1
DA:53,1
DA:55,1
DA:56,1
DA:59,2
DA:63,1
DA:64,1
DA:66,1
DA:67,2
DA:75,1
DA:77,2
DA:80,1
DA:82,2
DA:83,1
LF:27
LH:27
end_of_record
SF:lib/modules/landing/landing_router.dart
DA:10,1
DA:12,2
DA:15,1
DA:17,2
LF:4
LH:4
end_of_record
SF:lib/modules/landing/landing_presenter.dart
DA:8,1
DA:9,3
DA:10,3
DA:11,3
DA:13,1
DA:14,1
DA:15,1
DA:18,3
DA:19,2
DA:38,1
DA:39,2
DA:40,2
DA:43,1
DA:44,2
DA:47,1
DA:48,2
DA:51,1
DA:53,1
DA:54,4
DA:56,1
DA:57,4
LF:21
LH:21
end_of_record
SF:lib/modules/landing/landing_interactor.dart
DA:16,1
DA:18,4
DA:19,5
DA:20,2
DA:21,3
LF:5
LH:5
end_of_record
SF:lib/modules/landing/landing_module.dart
DA:26,1
LF:1
LH:1
end_of_record
SF:lib/components/alert/alert.dart
DA:9,2
DA:15,2
DA:23,2
DA:28,4
DA:29,2
DA:33,2
DA:34,0
DA:37,2
DA:39,4
DA:41,4
DA:50,2
DA:51,2
DA:52,2
DA:54,6
LF:14
LH:13
end_of_record
SF:lib/modules/login/login_view.dart
DA:34,1
DA:35,1
DA:46,2
DA:51,2
DA:52,1
DA:56,1
DA:58,1
DA:59,3
DA:60,5
DA:63,3
DA:64,5
DA:66,3
DA:69,1
DA:71,1
DA:72,1
DA:73,1
DA:74,1
DA:80,1
DA:81,1
DA:83,1
DA:84,1
DA:85,1
DA:86,1
DA:87,1
DA:88,3
DA:89,3
DA:92,2
DA:96,1
DA:98,1
DA:100,1
DA:102,1
DA:103,1
DA:104,1
DA:105,1
DA:106,1
DA:108,2
DA:109,1
DA:115,1
DA:116,1
DA:117,2
DA:121,4
DA:122,2
DA:134,1
DA:136,2
DA:137,1
DA:140,1
DA:142,2
DA:145,1
DA:147,2
LF:49
LH:49
end_of_record
SF:lib/modules/login/login_presenter.dart
DA:8,1
DA:9,3
DA:10,3
DA:11,3
DA:12,3
DA:13,1
DA:14,2
DA:16,3
DA:17,3
DA:44,1
DA:45,2
DA:46,2
DA:49,1
DA:50,4
DA:53,1
DA:54,2
DA:55,4
DA:58,1
DA:59,4
DA:60,2
DA:63,1
DA:64,4
DA:67,1
DA:68,2
DA:69,2
LF:25
LH:25
end_of_record
SF:lib/modules/login/login_interactor.dart
DA:16,1
DA:18,2
DA:19,1
DA:25,3
DA:26,3
DA:27,1
DA:28,3
LF:7
LH:7
end_of_record
SF:lib/modules/login/login_router.dart
DA:9,1
DA:11,2
DA:14,1
DA:16,2
LF:4
LH:4
end_of_record
SF:lib/modules/login/components/form.dart
DA:4,1
DA:5,1
DA:9,3
DA:11,1
DA:13,1
DA:16,1
DA:18,1
DA:20,1
DA:22,1
DA:23,1
DA:27,1
DA:31,1
DA:32,2
DA:33,1
DA:34,1
DA:36,2
DA:38,6
DA:39,3
DA:40,3
DA:50,1
DA:51,1
DA:53,1
DA:55,2
DA:56,1
DA:58,2
DA:63,1
DA:64,1
DA:66,1
DA:68,2
DA:69,1
DA:71,2
DA:72,1
DA:74,5
DA:75,2
DA:78,1
DA:79,3
DA:80,1
DA:81,1
LF:38
LH:38
end_of_record
SF:lib/modules/login/login_module.dart
DA:34,1
DA:36,1
LF:2
LH:2
end_of_record
SF:lib/components/progress_hud/progress_hud.dart
DA:12,2
DA:16,2
DA:18,2
DA:22,2
DA:23,2
DA:24,2
DA:27,0
DA:34,0
DA:35,0
DA:40,2
DA:41,2
DA:43,2
DA:50,1
DA:51,2
DA:54,1
DA:55,2
LF:16
LH:13
end_of_record
SF:lib/app.dart
DA:9,3
DA:11,3
DA:13,3
DA:14,3
DA:15,9
DA:18,6
DA:19,3
DA:26,0
LF:8
LH:7
end_of_record
SF:lib/configs/factories.dart
DA:3,0
LF:1
LH:0
end_of_record
SF:lib/configs/routes.dart
DA:3,12
DA:4,0
DA:5,2
DA:6,2
DA:7,0
LF:5
LH:3
end_of_record
SF:lib/configs/app.dart
DA:4,15
DA:6,2
DA:10,15
DA:12,0
DA:14,0
DA:22,2
DA:24,2
DA:32,2
DA:34,2
LF:9
LH:7
end_of_record
SF:lib/gen/configs.gen.dart
DA:16,0
DA:17,12
DA:19,0
LF:3
LH:1
end_of_record
SF:lib/core/classes/localized_exception.dart
DA:4,0
LF:1
LH:0
end_of_record
SF:lib/core/viper/module.dart
DA:18,0
DA:19,0
DA:21,0
DA:22,0
DA:23,0
LF:5
LH:0
end_of_record
SF:lib/core/viper/view.dart
DA:16,3
DA:18,3
DA:20,6
DA:22,3
LF:4
LH:4
end_of_record
SF:lib/core/viper/presenter.dart
DA:9,3
DA:14,3
DA:15,3
DA:16,3
LF:4
LH:4
end_of_record
SF:lib/components/button/button.dart
DA:9,2
DA:14,2
DA:16,2
DA:18,2
DA:19,2
DA:20,2
DA:21,2
DA:23,2
DA:24,4
DA:25,4
DA:26,2
DA:28,2
DA:29,2
DA:30,2
DA:31,2
LF:15
LH:15
end_of_record
SF:lib/components/navigation_bar/navigation_bar.dart
DA:8,1
DA:10,1
DA:12,1
DA:13,1
DA:14,0
DA:15,1
DA:17,2
LF:7
LH:6
end_of_record
SF:lib/gen/assets.gen.dart
DA:11,15
DA:13,0
DA:15,1
DA:17,3
DA:19,3
DA:21,1
DA:26,0
DA:32,15
DA:34,3
DA:54,3
DA:77,0
DA:81,15
DA:85,3
DA:102,3
DA:103,3
DA:122,0
LF:16
LH:12
end_of_record
SF:lib/components/translucent_text_field/translucent_text_field.dart
DA:7,2
DA:14,2
DA:22,2
DA:24,2
DA:26,2
DA:29,2
DA:31,2
DA:32,2
DA:33,2
DA:35,2
DA:36,2
DA:37,2
DA:38,2
DA:39,2
DA:40,2
DA:42,4
DA:43,2
DA:44,2
DA:45,2
DA:49,2
DA:51,0
DA:52,0
DA:53,0
DA:56,0
DA:59,4
LF:25
LH:21
end_of_record
SF:lib/core/extensions/build_context.dart
DA:5,4
LF:1
LH:1
end_of_record
SF:lib/core/extensions/navigator_state.dart
DA:5,1
DA:7,2
DA:8,4
LF:3
LH:3
end_of_record
SF:lib/core/extensions/stream.dart
DA:4,0
DA:5,0
DA:6,0
DA:7,0
DA:8,0
DA:9,0
DA:10,0
DA:17,0
DA:22,3
DA:23,6
DA:24,3
LF:11
LH:3
end_of_record
SF:lib/services/locator/locator_service_register.dart
DA:4,0
DA:5,0
DA:6,0
DA:7,0
DA:8,0
DA:9,0
DA:10,0
DA:12,0
DA:15,0
DA:16,0
DA:17,0
DA:20,0
DA:21,0
DA:22,0
DA:25,0
DA:26,0
DA:27,0
LF:17
LH:0
end_of_record
SF:lib/services/locator/locator_service.dart
DA:14,20
LF:1
LH:1
end_of_record
SF:lib/gen/flavors.gen.dart
DA:1,15
LF:1
LH:1
end_of_record
SF:lib/models/auth_token_info.dart
DA:9,0
DA:11,0
DA:12,0
DA:13,0
DA:14,0
DA:15,0
DA:16,0
LF:7
LH:0
end_of_record
SF:lib/models/user_info.dart
DA:7,0
DA:9,0
DA:10,0
LF:3
LH:0
end_of_record
SF:lib/modules/forgot_password/forgot_password_view.dart
DA:31,16
DA:33,1
DA:34,1
DA:44,2
DA:49,2
DA:52,2
DA:59,1
DA:61,3
DA:62,5
DA:64,3
DA:65,1
DA:68,1
DA:69,2
DA:70,2
DA:71,1
DA:74,1
DA:77,1
DA:79,1
DA:80,1
DA:81,2
DA:85,1
DA:86,1
DA:87,1
DA:88,1
DA:89,1
DA:94,2
DA:96,1
DA:97,1
DA:98,1
DA:99,1
DA:101,1
DA:103,1
DA:104,1
DA:108,2
DA:114,1
DA:115,2
DA:117,1
DA:119,1
DA:125,1
DA:127,1
DA:129,1
DA:130,1
DA:131,1
DA:137,1
DA:138,1
DA:139,2
DA:141,1
DA:142,5
DA:144,2
DA:152,1
DA:153,2
DA:154,1
DA:156,1
DA:168,1
DA:170,2
DA:173,1
DA:175,2
DA:178,1
DA:180,2
DA:183,1
DA:184,2
DA:185,2
DA:188,1
DA:190,2
DA:191,2
DA:192,1
LF:66
LH:66
end_of_record
SF:lib/modules/forgot_password/forgot_password_presenter.dart
DA:6,1
DA:7,3
DA:8,3
DA:10,3
DA:11,3
DA:31,1
DA:32,3
DA:35,1
DA:36,2
DA:37,2
DA:40,1
DA:41,2
DA:42,2
DA:43,2
DA:46,1
DA:47,2
DA:48,2
LF:17
LH:17
end_of_record
SF:lib/modules/forgot_password/components/reset_successfully_notification.dart
DA:4,15
DA:6,1
DA:8,1
DA:9,1
DA:11,1
DA:13,1
DA:15,1
DA:16,2
DA:20,1
LF:9
LH:9
end_of_record
SF:lib/modules/forgot_password/forgot_password_interactor.dart
DA:16,1
DA:18,2
DA:19,1
DA:22,3
DA:23,3
DA:24,1
DA:25,3
LF:7
LH:7
end_of_record
SF:lib/modules/forgot_password/forgot_password_module.dart
DA:28,1
LF:1
LH:1
end_of_record
SF:lib/modules/screen.dart
DA:11,18
DA:16,3
DA:20,3
DA:21,3
DA:22,3
DA:23,3
DA:27,0
DA:28,0
DA:32,3
DA:33,3
LF:10
LH:8
end_of_record
SF:lib/services/auth/auth_service.dart
DA:47,0
DA:48,0
DA:50,0
DA:51,0
DA:53,0
DA:54,0
DA:57,0
DA:60,0
DA:65,0
DA:66,0
DA:70,0
DA:72,0
DA:76,0
DA:78,0
DA:79,0
DA:80,0
DA:84,0
DA:85,0
DA:87,0
DA:88,0
DA:92,0
DA:93,0
DA:97,0
DA:98,0
DA:100,0
DA:101,0
DA:105,0
DA:106,0
DA:107,0
DA:110,0
DA:112,0
DA:119,0
DA:120,0
DA:121,0
DA:124,0
DA:125,0
DA:126,0
DA:129,0
DA:130,0
DA:131,0
DA:136,0
DA:137,0
LF:42
LH:0
end_of_record
SF:lib/services/auth/params/auth_login_params.dart
DA:4,1
DA:10,1
DA:13,2
DA:14,2
DA:18,1
DA:31,0
DA:33,0
DA:34,0
DA:35,0
DA:36,0
DA:37,0
DA:38,0
LF:12
LH:5
end_of_record
SF:lib/services/auth/params/auth_reset_password_params.dart
DA:4,1
DA:9,1
DA:11,2
DA:12,2
DA:16,1
DA:26,0
DA:28,0
DA:29,0
DA:30,0
LF:9
LH:5
end_of_record
SF:lib/services/api/api_exception.dart
DA:4,0
DA:10,0
DA:11,0
DA:12,0
DA:16,0
DA:17,0
DA:18,0
DA:19,0
DA:21,0
LF:9
LH:0
end_of_record
SF:lib/services/api/api_service_register.dart
DA:5,0
DA:6,0
DA:7,0
LF:3
LH:0
end_of_record
SF:lib/services/api/api_void_object.dart
DA:4,0
LF:1
LH:0
end_of_record
SF:lib/services/api/api_service.dart
DA:32,0
DA:40,0
DA:42,0
DA:47,0
DA:50,0
DA:52,0
DA:54,0
DA:60,0
DA:61,0
DA:64,0
DA:65,0
DA:66,0
DA:67,0
DA:68,0
DA:72,0
DA:77,0
LF:16
LH:0
end_of_record
SF:lib/services/http/http_method.dart
DA:4,0
DA:5,15
DA:13,0
LF:3
LH:1
end_of_record
SF:lib/services/http/http_exception.dart
DA:3,15
DA:25,0
DA:31,0
DA:33,0
DA:34,0
DA:37,0
DA:40,0
DA:43,0
DA:46,0
DA:49,0
DA:55,0
DA:56,0
DA:58,0
DA:61,0
LF:14
LH:1
end_of_record
SF:lib/services/http/http_service.dart
DA:21,0
DA:23,0
DA:31,0
DA:37,0
DA:39,0
DA:44,0
DA:45,0
DA:46,0
LF:8
LH:0
end_of_record
SF:lib/services/http/http_response.dart
DA:9,0
DA:16,0
DA:17,0
DA:18,0
DA:19,0
DA:20,0
DA:21,0
LF:7
LH:0
end_of_record
SF:lib/services/user/user_service.dart
DA:13,0
DA:15,0
LF:2
LH:0
end_of_record
